<?xml version="1.0" encoding="UTF-8"?>
<testng-results ignored="0" total="1" passed="1" failed="0" skipped="0">
  <reporter-output>
  </reporter-output>
  <suite started-at="2024-03-05T12:59:42 IST" name="Default suite" finished-at="2024-03-05T12:59:51 IST" duration-ms="8792">
    <groups>
    </groups>
    <test started-at="2024-03-05T12:59:42 IST" name="Default test" finished-at="2024-03-05T12:59:51 IST" duration-ms="8792">
      <class name="Assertions.AssertTureMethod">
        <test-method signature="java()[pri:0, instance:Assertions.AssertTureMethod@34a3d150]" started-at="2024-03-05T12:59:42 IST" name="java" finished-at="2024-03-05T12:59:51 IST" duration-ms="8727" status="PASS">
          <reporter-output>
          </reporter-output>
        </test-method> <!-- java -->
      </class> <!-- Assertions.AssertTureMethod -->
    </test> <!-- Default test -->
  </suite> <!-- Default suite -->
</testng-results>
